<?xml version="1.0" encoding="UTF-8"?>
<!-- Generated by org.testng.reporters.JUnitReportReporter -->
<testsuite skipped="0" hostname="LAPTOP-AKA5S5IT" name="com.t3resources.testNGCases.testNGRegression" tests="5" failures="0" timestamp="07 Jul 2018 23:05:49 GMT" time="12.488" errors="0">
  <testcase name="testClickAndVerifyAboutUsPage" time="1.356" classname="com.t3resources.testNGCases.testNGRegression"/>
  <testcase name="testClickAndVerifyJavaPage" time="1.310" classname="com.t3resources.testNGCases.testNGRegression"/>
  <testcase name="testClickTutionMenuPage" time="1.714" classname="com.t3resources.testNGCases.testNGRegression"/>
  <testcase name="testClickTutionEligibilityLink" time="0.102" classname="com.t3resources.testNGCases.testNGRegression"/>
  <testcase name="testEligibilityPageVerifyClose" time="8.006" classname="com.t3resources.testNGCases.testNGRegression"/>
</testsuite> <!-- com.t3resources.testNGCases.testNGRegression -->
